<?xml version="1.0" encoding="UTF-8"?>
<testsuite xmlns:xsi="http://www.w3.org/2001/XMLSchema-instance" xsi:noNamespaceSchemaLocation="https://maven.apache.org/surefire/maven-surefire-plugin/xsd/surefire-test-report.xsd" version="3.0.1" name="es.upm.grise.profundizacion.order.OrderTest" time="0.06" tests="4" errors="0" skipped="0" failures="0">
  <properties>
[...]
</properties>
  <testcase name="testAddNewItem" classname="es.upm.grise.profundizacion.order.OrderTest" time="0.027">
    <system-out><![CDATA[
========================================
Inicializando nueva orden para la prueba
========================================
PRUEBA: testAddNewItem
Datos de entrada:
- Producto ID: 1
- Cantidad: 2
- Precio: 10.0
Resultado esperado (número de items): 1
Resultado obtenido (número de items): 1
Estado de la prueba: CORRECTA ✅
]]></system-out>
  </testcase>
  <testcase name="testAddSameProductIncreasesQuantity" classname="es.upm.grise.profundizacion.order.OrderTest" time="0.002">
    <system-out><![CDATA[
========================================
Inicializando nueva orden para la prueba
========================================
PRUEBA: testAddSameProductIncreasesQuantity
Datos de entrada:
- Producto ID: 1
- Primera cantidad: 2
- Segunda cantidad: 3
Resultado esperado (cantidad total): 5
Resultado obtenido (cantidad total): 5
Estado de la prueba: CORRECTA ✅
]]></system-out>
  </testcase>
  <testcase name="testAddDifferentProductsCreatesMultipleItems" classname="es.upm.grise.profundizacion.order.OrderTest" time="0.003">
    <system-out><![CDATA[
========================================
Inicializando nueva orden para la prueba
========================================
PRUEBA: testAddDifferentProductsCreatesMultipleItems
Datos de entrada:
- Producto ID: 1, Cantidad: 1
- Producto ID: 2, Cantidad: 1
Resultado esperado (número de items): 2
Resultado obtenido (número de items): 2
Estado de la prueba: CORRECTA ✅
]]></system-out>
  </testcase>
  <testcase name="testOrderStartsEmpty" classname="es.upm.grise.profundizacion.order.OrderTest" time="0.003">
    <system-out><![CDATA[
========================================
Inicializando nueva orden para la prueba
========================================
PRUEBA: testOrderStartsEmpty
Datos de entrada: nueva orden creada
Resultado esperado: 0
Resultado obtenido: 0
Estado de la prueba: CORRECTA ✅
]]></system-out>
  </testcase>
</testsuite>